

********************************************************************************
          Maximum working cylinder pressure 100bar
          Cylinder size = 3.0litres
          Helium used in mix

          Required fill pressure= 100.0bar
          Final gas mix: 21.0%O2, 46.0%N2, 33.0%He
          Helium fill=33.0bar
          Air fill=58.2bar
          Oxygen fill=8.8bar
          Oxygen fill: 8.8bar, 26.3litres, œ0.105
          Helium fill: 33.0bar, 99.0litres, œ0.495
          Air fill   : 58.2bar, 174.7litres, œ0.349

          Date:05/07/94
Actual as filled gas analysis __________________________
Signed by Kev Gurr as correct data for cylinder fill __________________
Actual as filled gas analysis __________________________
Signed by Bob as correct data for cylinder fill __________________
Actual as filled gas analysis __________________________
Signed by Dave as correct data for cylinder fill __________________

********************************************************************************

Total sales: Air = œ1.05, oxygen = œ0.32, Helium = œ1.49
Total costs: Air = œ0.52, oxygen = œ0.16, Helium = œ0.89
Overall Total gas sales = œ2.85, Total gas costs = œ1.57